<?xml version="1.0" encoding="UTF-8"?>
<!-- Generated by org.testng.reporters.JUnitReportReporter -->
<testsuite hostname="john-PC" name="DriverFactory.AppTest" tests="1" failures="0" timestamp="30 Nov 2020 11:42:09 GMT" time="136.895" errors="0">
  <testcase name="kickStart" time="136.895" classname="DriverFactory.AppTest"/>
</testsuite> <!-- DriverFactory.AppTest -->
