<?xml version="1.0" encoding="UTF-8"?>
<!-- Generated by org.testng.reporters.JUnitReportReporter -->
<testsuite hostname="john-PC" name="DriverFactory.DataDrivenFramework" tests="1" failures="0" timestamp="20 Nov 2020 12:09:59 GMT" time="66.666" errors="0">
  <testcase name="suppliercreation" time="66.666" classname="DriverFactory.DataDrivenFramework"/>
</testsuite> <!-- DriverFactory.DataDrivenFramework -->
